<?xml version="1.0" encoding="UTF-8"?>
<!-- Generated by org.testng.reporters.JUnitReportReporter -->
<testsuite hostname="Subhadra-Home" failures="0" tests="1" name="Sourcedemo.DynamicWebTableTest" time="3.282" errors="0" timestamp="2024-10-02T22:55:51 EDT" skipped="0">
  <testcase classname="Sourcedemo.DynamicWebTableTest" name="tripDetails" time="3.282"/>
  <system-out/>
</testsuite> <!-- Sourcedemo.DynamicWebTableTest -->
