<?xml version="1.0" encoding="UTF-8"?>
<!-- Generated by org.testng.reporters.JUnitReportReporter -->
<testsuite hostname="Subhadra-Home" failures="0" tests="2" name="Sourcedemo.DataDrivenTestingDemoForLoginModule" time="1.144" errors="0" timestamp="2024-10-02T17:24:50 EDT" skipped="0">
  <testcase classname="Sourcedemo.DataDrivenTestingDemoForLoginModule" name="Signin" time="0.331"/>
  <system-out/>
  <testcase classname="Sourcedemo.DataDrivenTestingDemoForLoginModule" name="testlogin" time="0.813"/>
  <system-out/>
</testsuite> <!-- Sourcedemo.DataDrivenTestingDemoForLoginModule -->
